<?xml version="1.0" encoding="utf-8"?><testsuites name="pytest tests"><testsuite name="pytest" errors="0" failures="0" skipped="0" tests="9" time="3.438" timestamp="2026-03-11T10:46:52.388139+00:00" hostname="agent-env-0f528926-5b4b-4a1c-be16-5f13efe75fe6"><testcase classname="backend.tests.test_iteration6.TestUserValidation" name="test_create_user_duplicate_email_returns_409" time="0.815" /><testcase classname="backend.tests.test_iteration6.TestUserValidation" name="test_create_user_duplicate_mobile_returns_409" time="0.521" /><testcase classname="backend.tests.test_iteration6.TestUserValidation" name="test_create_user_duplicate_employee_code_returns_409" time="0.494" /><testcase classname="backend.tests.test_iteration6.TestTaskProjectFilter" name="test_tasks_endpoint_works" time="0.138" /><testcase classname="backend.tests.test_iteration6.TestTaskProjectFilter" name="test_projects_endpoint_works" time="0.163" /><testcase classname="backend.tests.test_iteration6.TestTaskProjectFilter" name="test_meetings_endpoint_works" time="0.194" /><testcase classname="backend.tests.test_iteration6.TestTaskProjectFilter" name="test_filter_tasks_by_project_includes_meeting_tasks" time="0.389" /><testcase classname="backend.tests.test_iteration6.TestDashboardAndPages" name="test_dashboard_stats_endpoint" time="0.163" /><testcase classname="backend.tests.test_iteration6.TestDashboardAndPages" name="test_users_list_endpoint" time="0.445" /></testsuite></testsuites>