<?xml version="1.0" encoding="utf-8"?><testsuites name="pytest tests"><testsuite name="pytest" errors="0" failures="0" skipped="0" tests="24" time="3.514" timestamp="2026-03-08T17:39:47.365749+00:00" hostname="agent-env-334970aa-64f1-4ca3-b0f9-85fb54d0eb79"><testcase classname="backend.tests.test_taskflow.TestAuth" name="test_signup_duplicate" time="0.828" /><testcase classname="backend.tests.test_taskflow.TestAuth" name="test_login_success" time="0.416" /><testcase classname="backend.tests.test_taskflow.TestAuth" name="test_login_invalid" time="0.420" /><testcase classname="backend.tests.test_taskflow.TestAuth" name="test_auth_me" time="0.129" /><testcase classname="backend.tests.test_taskflow.TestMasterData" name="test_create_department" time="0.076" /><testcase classname="backend.tests.test_taskflow.TestMasterData" name="test_list_departments" time="0.086" /><testcase classname="backend.tests.test_taskflow.TestMasterData" name="test_create_location" time="0.076" /><testcase classname="backend.tests.test_taskflow.TestMasterData" name="test_list_locations" time="0.085" /><testcase classname="backend.tests.test_taskflow.TestMasterData" name="test_create_company" time="0.100" /><testcase classname="backend.tests.test_taskflow.TestMasterData" name="test_create_designation" time="0.077" /><testcase classname="backend.tests.test_taskflow.TestAdminUsers" name="test_list_users" time="0.100" /><testcase classname="backend.tests.test_taskflow.TestAdminUsers" name="test_create_manager" time="0.081" /><testcase classname="backend.tests.test_taskflow.TestAdminUsers" name="test_create_employee" time="0.084" /><testcase classname="backend.tests.test_taskflow.TestTasks" name="test_list_tasks" time="0.081" /><testcase classname="backend.tests.test_taskflow.TestTasks" name="test_create_task" time="0.082" /><testcase classname="backend.tests.test_taskflow.TestTasks" name="test_get_task" time="0.081" /><testcase classname="backend.tests.test_taskflow.TestTasks" name="test_add_comment" time="0.077" /><testcase classname="backend.tests.test_taskflow.TestMeetings" name="test_list_meetings" time="0.079" /><testcase classname="backend.tests.test_taskflow.TestMeetings" name="test_create_meeting" time="0.076" /><testcase classname="backend.tests.test_taskflow.TestProjects" name="test_list_projects" time="0.079" /><testcase classname="backend.tests.test_taskflow.TestProjects" name="test_create_project" time="0.084" /><testcase classname="backend.tests.test_taskflow.TestDashboardReports" name="test_dashboard_stats" time="0.090" /><testcase classname="backend.tests.test_taskflow.TestDashboardReports" name="test_reports_overdue" time="0.074" /><testcase classname="backend.tests.test_taskflow.TestDashboardReports" name="test_calendar" time="0.081" /></testsuite></testsuites>