<?xml version="1.0" encoding="utf-8"?><testsuites name="pytest tests"><testsuite name="pytest" errors="0" failures="0" skipped="0" tests="20" time="5.508" timestamp="2026-03-11T13:32:24.098646+00:00" hostname="agent-env-0823c883-b4da-403c-82e7-389df5921a9e"><testcase classname="backend.tests.test_geography_iteration8.TestGeographyCountries" name="test_get_countries_returns_seeded_data" time="0.668" /><testcase classname="backend.tests.test_geography_iteration8.TestGeographyCountries" name="test_get_countries_includes_india" time="0.175" /><testcase classname="backend.tests.test_geography_iteration8.TestGeographyCountries" name="test_search_countries" time="0.194" /><testcase classname="backend.tests.test_geography_iteration8.TestGeographyCountries" name="test_create_update_delete_country" time="0.504" /><testcase classname="backend.tests.test_geography_iteration8.TestGeographyStates" name="test_get_all_states" time="0.146" /><testcase classname="backend.tests.test_geography_iteration8.TestGeographyStates" name="test_get_indian_states_by_country_id" time="0.288" /><testcase classname="backend.tests.test_geography_iteration8.TestGeographyStates" name="test_indian_states_include_key_states" time="0.288" /><testcase classname="backend.tests.test_geography_iteration8.TestGeographyStates" name="test_search_states" time="0.131" /><testcase classname="backend.tests.test_geography_iteration8.TestGeographyCities" name="test_get_cities_with_state_and_country_names" time="0.137" /><testcase classname="backend.tests.test_geography_iteration8.TestGeographyCities" name="test_search_cities_returns_results" time="0.134" /><testcase classname="backend.tests.test_geography_iteration8.TestGeographyCities" name="test_indian_cities_count" time="0.306" /><testcase classname="backend.tests.test_geography_iteration8.TestGeographyCities" name="test_filter_cities_by_state" time="0.305" /><testcase classname="backend.tests.test_geography_iteration8.TestGeographyCities" name="test_create_update_delete_city" time="0.555" /><testcase classname="backend.tests.test_geography_iteration8.TestGlobalSearchAPI" name="test_tasks_search_api" time="0.174" /><testcase classname="backend.tests.test_geography_iteration8.TestGlobalSearchAPI" name="test_projects_search_api" time="0.150" /><testcase classname="backend.tests.test_geography_iteration8.TestGlobalSearchAPI" name="test_meetings_search_api" time="0.144" /><testcase classname="backend.tests.test_geography_iteration8.TestCascadingFilterAPIs" name="test_customers_api" time="0.132" /><testcase classname="backend.tests.test_geography_iteration8.TestCascadingFilterAPIs" name="test_projects_filter_by_customer" time="0.269" /><testcase classname="backend.tests.test_geography_iteration8.TestCascadingFilterAPIs" name="test_meetings_filter_by_customer" time="0.279" /><testcase classname="backend.tests.test_geography_iteration8.TestCascadingFilterAPIs" name="test_tasks_filter_by_customer" time="0.389" /></testsuite></testsuites>