<?xml version="1.0" encoding="utf-8"?><testsuites name="pytest tests"><testsuite name="pytest" errors="0" failures="0" skipped="0" tests="23" time="3.163" timestamp="2026-03-11T12:27:03.427137+00:00" hostname="agent-env-0823c883-b4da-403c-82e7-389df5921a9e"><testcase classname="backend.tests.test_iteration7.TestCustomerCRUD" name="test_get_customers_list" time="0.681" /><testcase classname="backend.tests.test_iteration7.TestCustomerCRUD" name="test_create_customer" time="0.076" /><testcase classname="backend.tests.test_iteration7.TestCustomerCRUD" name="test_get_customer_by_id" time="0.083" /><testcase classname="backend.tests.test_iteration7.TestCustomerCRUD" name="test_update_customer" time="0.077" /><testcase classname="backend.tests.test_iteration7.TestCustomerCRUD" name="test_customer_search_filter" time="0.077" /><testcase classname="backend.tests.test_iteration7.TestCustomerCRUD" name="test_customer_status_filter" time="0.077" /><testcase classname="backend.tests.test_iteration7.TestCustomerCRUD" name="test_delete_customer" time="0.146" /><testcase classname="backend.tests.test_iteration7.TestProjectCustomerIntegration" name="test_create_customer_for_project" time="0.103" /><testcase classname="backend.tests.test_iteration7.TestProjectCustomerIntegration" name="test_create_project_with_customer" time="0.076" /><testcase classname="backend.tests.test_iteration7.TestProjectCustomerIntegration" name="test_get_project_shows_customer" time="0.099" /><testcase classname="backend.tests.test_iteration7.TestProjectCustomerIntegration" name="test_projects_filter_by_customer" time="0.074" /><testcase classname="backend.tests.test_iteration7.TestProjectCustomerIntegration" name="test_cleanup_project_and_customer" time="0.144" /><testcase classname="backend.tests.test_iteration7.TestMeetingCustomerFilter" name="test_meetings_endpoint_accepts_customer_filter" time="0.091" /><testcase classname="backend.tests.test_iteration7.TestTaskCustomerFilter" name="test_tasks_endpoint_accepts_customer_filter" time="0.076" /><testcase classname="backend.tests.test_iteration7.TestAdminUserEmailEdit" name="test_create_test_user" time="0.362" /><testcase classname="backend.tests.test_iteration7.TestAdminUserEmailEdit" name="test_edit_user_email" time="0.074" /><testcase classname="backend.tests.test_iteration7.TestAdminUserEmailEdit" name="test_reset_password_endpoint" time="0.369" /><testcase classname="backend.tests.test_iteration7.TestAdminUserEmailEdit" name="test_reset_password_validation" time="0.068" /><testcase classname="backend.tests.test_iteration7.TestAdminUserEmailEdit" name="test_cleanup_test_user" time="0.000" /><testcase classname="backend.tests.test_iteration7.TestProjectUpdates" name="test_get_project_updates" time="0.073" /><testcase classname="backend.tests.test_iteration7.TestProjectUpdates" name="test_post_project_update" time="0.070" /><testcase classname="backend.tests.test_iteration7.TestExistingData" name="test_existing_customer" time="0.075" /><testcase classname="backend.tests.test_iteration7.TestExistingData" name="test_existing_project_with_customer" time="0.072" /></testsuite></testsuites>