<?xml version="1.0" encoding="utf-8"?><testsuites name="pytest tests"><testsuite name="pytest" errors="0" failures="0" skipped="0" tests="34" time="3.805" timestamp="2026-03-08T18:24:25.555198+00:00" hostname="agent-env-65466998-2d3f-495b-84da-2acd31968c27"><testcase classname="backend.tests.test_taskflow_api.TestHealthEndpoint" name="test_health_endpoint" time="0.173" /><testcase classname="backend.tests.test_taskflow_api.TestAuthEndpoints" name="test_login_success" time="0.389" /><testcase classname="backend.tests.test_taskflow_api.TestAuthEndpoints" name="test_login_invalid_credentials" time="0.080" /><testcase classname="backend.tests.test_taskflow_api.TestAuthEndpoints" name="test_login_missing_fields" time="0.076" /><testcase classname="backend.tests.test_taskflow_api.TestAuthEndpoints" name="test_get_current_user" time="0.445" /><testcase classname="backend.tests.test_taskflow_api.TestDashboardEndpoints" name="test_dashboard_stats" time="0.091" /><testcase classname="backend.tests.test_taskflow_api.TestDashboardEndpoints" name="test_team_workload" time="0.103" /><testcase classname="backend.tests.test_taskflow_api.TestTasksEndpoints" name="test_get_tasks" time="0.079" /><testcase classname="backend.tests.test_taskflow_api.TestTasksEndpoints" name="test_get_my_tasks" time="0.076" /><testcase classname="backend.tests.test_taskflow_api.TestTasksEndpoints" name="test_create_task" time="0.078" /><testcase classname="backend.tests.test_taskflow_api.TestTasksEndpoints" name="test_get_specific_task" time="0.159" /><testcase classname="backend.tests.test_taskflow_api.TestTasksEndpoints" name="test_filter_tasks_by_status" time="0.080" /><testcase classname="backend.tests.test_taskflow_api.TestTasksEndpoints" name="test_filter_tasks_by_priority" time="0.075" /><testcase classname="backend.tests.test_taskflow_api.TestMeetingsEndpoints" name="test_get_meetings" time="0.077" /><testcase classname="backend.tests.test_taskflow_api.TestMeetingsEndpoints" name="test_create_meeting" time="0.077" /><testcase classname="backend.tests.test_taskflow_api.TestMeetingsEndpoints" name="test_get_specific_meeting" time="0.172" /><testcase classname="backend.tests.test_taskflow_api.TestProjectsEndpoints" name="test_get_projects" time="0.080" /><testcase classname="backend.tests.test_taskflow_api.TestProjectsEndpoints" name="test_create_project" time="0.074" /><testcase classname="backend.tests.test_taskflow_api.TestProjectsEndpoints" name="test_get_specific_project" time="0.155" /><testcase classname="backend.tests.test_taskflow_api.TestAdminEndpoints" name="test_get_users" time="0.073" /><testcase classname="backend.tests.test_taskflow_api.TestAdminEndpoints" name="test_get_departments" time="0.072" /><testcase classname="backend.tests.test_taskflow_api.TestAdminEndpoints" name="test_get_locations" time="0.070" /><testcase classname="backend.tests.test_taskflow_api.TestAdminEndpoints" name="test_get_companies" time="0.077" /><testcase classname="backend.tests.test_taskflow_api.TestAdminEndpoints" name="test_get_designations" time="0.073" /><testcase classname="backend.tests.test_taskflow_api.TestCalendarEndpoints" name="test_get_calendar_events" time="0.080" /><testcase classname="backend.tests.test_taskflow_api.TestReportsEndpoints" name="test_get_overdue_tasks_report" time="0.075" /><testcase classname="backend.tests.test_taskflow_api.TestReportsEndpoints" name="test_get_task_aging_report" time="0.108" /><testcase classname="backend.tests.test_taskflow_api.TestReportsEndpoints" name="test_get_user_productivity_report" time="0.075" /><testcase classname="backend.tests.test_taskflow_api.TestReportsEndpoints" name="test_get_department_performance_report" time="0.074" /><testcase classname="backend.tests.test_taskflow_api.TestReportsEndpoints" name="test_get_project_progress_report" time="0.072" /><testcase classname="backend.tests.test_taskflow_api.TestNotificationsEndpoints" name="test_get_notifications" time="0.079" /><testcase classname="backend.tests.test_taskflow_api.TestNotificationsEndpoints" name="test_get_unread_count" time="0.073" /><testcase classname="backend.tests.test_taskflow_api.TestSignupFlow" name="test_signup_validation" time="0.082" /><testcase classname="backend.tests.test_taskflow_api.TestSignupFlow" name="test_signup_missing_fields" time="0.086" /></testsuite></testsuites>